Determining if the pthread_create exist failed with the following output:
Change Dir: /home/wenws/1_googleslam/build_isolated/ceres-solver/install/CMakeFiles/CMakeTmp

Run Build Command:/usr/bin/ninja cmTryCompileExec4040965042
[1/2] Building C object CMakeFiles/cmTryCompileExec4040965042.dir/CheckSymbolExists.c.o
[2/2] Linking C executable cmTryCompileExec4040965042
FAILED: : && /usr/bin/cc     CMakeFiles/cmTryCompileExec4040965042.dir/CheckSymbolExists.c.o  -o cmTryCompileExec4040965042  -rdynamic && :
CMakeFiles/cmTryCompileExec4040965042.dir/CheckSymbolExists.c.o: In function `main':
CheckSymbolExists.c:(.text+0x16): undefined reference to `pthread_create'
collect2: error: ld returned 1 exit status
ninja: build stopped: subcommand failed.

File /home/wenws/1_googleslam/build_isolated/ceres-solver/install/CMakeFiles/CMakeTmp/CheckSymbolExists.c:
/* */
#include <pthread.h>

int main(int argc, char** argv)
{
  (void)argv;
#ifndef pthread_create
  return ((int*)(&pthread_create))[argc];
#else
  (void)argc;
  return 0;
#endif
}

Determining if the function pthread_create exists in the pthreads failed with the following output:
Change Dir: /home/wenws/1_googleslam/build_isolated/ceres-solver/install/CMakeFiles/CMakeTmp

Run Build Command:/usr/bin/ninja cmTryCompileExec2360598014
[1/2] Building C object CMakeFiles/cmTryCompileExec2360598014.dir/CheckFunctionExists.c.o
[2/2] Linking C executable cmTryCompileExec2360598014
FAILED: : && /usr/bin/cc  -DCHECK_FUNCTION_EXISTS=pthread_create   CMakeFiles/cmTryCompileExec2360598014.dir/CheckFunctionExists.c.o  -o cmTryCompileExec2360598014  -rdynamic -lpthreads && :
/usr/bin/ld: cannot find -lpthreads
collect2: error: ld returned 1 exit status
ninja: build stopped: subcommand failed.


Determining if the include file unordered_map exists failed with the following output:
Change Dir: /home/wenws/1_googleslam/build_isolated/ceres-solver/install/CMakeFiles/CMakeTmp

Run Build Command:/usr/bin/ninja cmTryCompileExec1752106965
[1/2] Building CXX object CMakeFiles/cmTryCompileExec1752106965.dir/CheckIncludeFile.cxx.o
FAILED: /usr/bin/c++    -fopenmp -o CMakeFiles/cmTryCompileExec1752106965.dir/CheckIncludeFile.cxx.o -c CheckIncludeFile.cxx
In file included from /usr/include/c++/4.8/unordered_map:35:0,
                 from CheckIncludeFile.cxx:1:
/usr/include/c++/4.8/bits/c++0x_warning.h:32:2: error: #error This file requires compiler and library support for the ISO C++ 2011 standard. This support is currently experimental, and must be enabled with the -std=c++11 or -std=gnu++11 compiler options.
 #error This file requires compiler and library support for the \
  ^
ninja: build stopped: subcommand failed.


Performing C++ SOURCE FILE Test HAVE_SHARED_PTR_IN_STD_NAMESPACE failed with the following output:
Change Dir: /home/wenws/1_googleslam/build_isolated/ceres-solver/install/CMakeFiles/CMakeTmp

Run Build Command:/usr/bin/ninja cmTryCompileExec1820674054
[1/2] Building CXX object CMakeFiles/cmTryCompileExec1820674054.dir/src.cxx.o
FAILED: /usr/bin/c++    -fopenmp -DHAVE_SHARED_PTR_IN_STD_NAMESPACE -o CMakeFiles/cmTryCompileExec1820674054.dir/src.cxx.o -c src.cxx
src.cxx: In function ‘int main()’:
src.cxx:3:34: error: ‘shared_ptr’ is not a member of ‘std’
                                  std::shared_ptr<int> int_ptr;
                                  ^
src.cxx:3:50: error: expected primary-expression before ‘int’
                                  std::shared_ptr<int> int_ptr;
                                                  ^
src.cxx:3:50: error: expected ‘;’ before ‘int’
ninja: build stopped: subcommand failed.

Source file was:
#include <memory>
                               int main() {
                                 std::shared_ptr<int> int_ptr;
                                 return 0;
                               }
Performing C++ SOURCE FILE Test HAVE_SHARED_PTR_IN_TR1_NAMESPACE failed with the following output:
Change Dir: /home/wenws/1_googleslam/build_isolated/ceres-solver/install/CMakeFiles/CMakeTmp

Run Build Command:/usr/bin/ninja cmTryCompileExec3411195699
[1/2] Building CXX object CMakeFiles/cmTryCompileExec3411195699.dir/src.cxx.o
FAILED: /usr/bin/c++    -fopenmp -DHAVE_SHARED_PTR_IN_TR1_NAMESPACE -o CMakeFiles/cmTryCompileExec3411195699.dir/src.cxx.o -c src.cxx
src.cxx: In function ‘int main()’:
src.cxx:3:41: error: ‘std::tr1’ has not been declared
                                    std::tr1::shared_ptr<int> int_ptr;
                                         ^
src.cxx:3:57: error: expected primary-expression before ‘int’
                                    std::tr1::shared_ptr<int> int_ptr;
                                                         ^
src.cxx:3:57: error: expected ‘;’ before ‘int’
ninja: build stopped: subcommand failed.

Source file was:
#include <memory>
                                 int main() {
                                   std::tr1::shared_ptr<int> int_ptr;
                                   return 0;
                                 }
Determining if the include file unordered_map exists failed with the following output:
Change Dir: /home/wenws/1_googleslam/build_isolated/ceres-solver/install/CMakeFiles/CMakeTmp

Run Build Command:/usr/bin/ninja cmTryCompileExec357731082
[1/2] Building CXX object CMakeFiles/cmTryCompileExec357731082.dir/CheckIncludeFile.cxx.o
FAILED: /usr/bin/c++    -fopenmp -o CMakeFiles/cmTryCompileExec357731082.dir/CheckIncludeFile.cxx.o -c CheckIncludeFile.cxx
In file included from /usr/include/c++/4.8/unordered_map:35:0,
                 from CheckIncludeFile.cxx:1:
/usr/include/c++/4.8/bits/c++0x_warning.h:32:2: error: #error This file requires compiler and library support for the ISO C++ 2011 standard. This support is currently experimental, and must be enabled with the -std=c++11 or -std=gnu++11 compiler options.
 #error This file requires compiler and library support for the \
  ^
ninja: build stopped: subcommand failed.


Performing C++ SOURCE FILE Test HAVE_SHARED_PTR_IN_STD_NAMESPACE failed with the following output:
Change Dir: /home/wenws/1_googleslam/build_isolated/ceres-solver/install/CMakeFiles/CMakeTmp

Run Build Command:/usr/bin/ninja cmTryCompileExec3332990203
[1/2] Building CXX object CMakeFiles/cmTryCompileExec3332990203.dir/src.cxx.o
FAILED: /usr/bin/c++    -fopenmp -DHAVE_SHARED_PTR_IN_STD_NAMESPACE -o CMakeFiles/cmTryCompileExec3332990203.dir/src.cxx.o -c src.cxx
src.cxx: In function ‘int main()’:
src.cxx:3:34: error: ‘shared_ptr’ is not a member of ‘std’
                                  std::shared_ptr<int> int_ptr;
                                  ^
src.cxx:3:50: error: expected primary-expression before ‘int’
                                  std::shared_ptr<int> int_ptr;
                                                  ^
src.cxx:3:50: error: expected ‘;’ before ‘int’
ninja: build stopped: subcommand failed.

Source file was:
#include <memory>
                               int main() {
                                 std::shared_ptr<int> int_ptr;
                                 return 0;
                               }
Performing C++ SOURCE FILE Test HAVE_SHARED_PTR_IN_TR1_NAMESPACE failed with the following output:
Change Dir: /home/wenws/1_googleslam/build_isolated/ceres-solver/install/CMakeFiles/CMakeTmp

Run Build Command:/usr/bin/ninja cmTryCompileExec1578129048
[1/2] Building CXX object CMakeFiles/cmTryCompileExec1578129048.dir/src.cxx.o
FAILED: /usr/bin/c++    -fopenmp -DHAVE_SHARED_PTR_IN_TR1_NAMESPACE -o CMakeFiles/cmTryCompileExec1578129048.dir/src.cxx.o -c src.cxx
src.cxx: In function ‘int main()’:
src.cxx:3:41: error: ‘std::tr1’ has not been declared
                                    std::tr1::shared_ptr<int> int_ptr;
                                         ^
src.cxx:3:57: error: expected primary-expression before ‘int’
                                    std::tr1::shared_ptr<int> int_ptr;
                                                         ^
src.cxx:3:57: error: expected ‘;’ before ‘int’
ninja: build stopped: subcommand failed.

Source file was:
#include <memory>
                                 int main() {
                                   std::tr1::shared_ptr<int> int_ptr;
                                   return 0;
                                 }
Determining if the include file unordered_map exists failed with the following output:
Change Dir: /home/wenws/1_googleslam/build_isolated/ceres-solver/install/CMakeFiles/CMakeTmp

Run Build Command:/usr/bin/ninja cmTryCompileExec1674710303
[1/2] Building CXX object CMakeFiles/cmTryCompileExec1674710303.dir/CheckIncludeFile.cxx.o
FAILED: /usr/bin/c++    -fopenmp -o CMakeFiles/cmTryCompileExec1674710303.dir/CheckIncludeFile.cxx.o -c CheckIncludeFile.cxx
In file included from /usr/include/c++/4.8/unordered_map:35:0,
                 from CheckIncludeFile.cxx:1:
/usr/include/c++/4.8/bits/c++0x_warning.h:32:2: error: #error This file requires compiler and library support for the ISO C++ 2011 standard. This support is currently experimental, and must be enabled with the -std=c++11 or -std=gnu++11 compiler options.
 #error This file requires compiler and library support for the \
  ^
ninja: build stopped: subcommand failed.


Performing C++ SOURCE FILE Test HAVE_SHARED_PTR_IN_STD_NAMESPACE failed with the following output:
Change Dir: /home/wenws/1_googleslam/build_isolated/ceres-solver/install/CMakeFiles/CMakeTmp

Run Build Command:/usr/bin/ninja cmTryCompileExec3879415561
[1/2] Building CXX object CMakeFiles/cmTryCompileExec3879415561.dir/src.cxx.o
FAILED: /usr/bin/c++    -fopenmp -DHAVE_SHARED_PTR_IN_STD_NAMESPACE -o CMakeFiles/cmTryCompileExec3879415561.dir/src.cxx.o -c src.cxx
src.cxx: In function ‘int main()’:
src.cxx:3:34: error: ‘shared_ptr’ is not a member of ‘std’
                                  std::shared_ptr<int> int_ptr;
                                  ^
src.cxx:3:50: error: expected primary-expression before ‘int’
                                  std::shared_ptr<int> int_ptr;
                                                  ^
src.cxx:3:50: error: expected ‘;’ before ‘int’
ninja: build stopped: subcommand failed.

Source file was:
#include <memory>
                               int main() {
                                 std::shared_ptr<int> int_ptr;
                                 return 0;
                               }
Performing C++ SOURCE FILE Test HAVE_SHARED_PTR_IN_TR1_NAMESPACE failed with the following output:
Change Dir: /home/wenws/1_googleslam/build_isolated/ceres-solver/install/CMakeFiles/CMakeTmp

Run Build Command:/usr/bin/ninja cmTryCompileExec252404636
[1/2] Building CXX object CMakeFiles/cmTryCompileExec252404636.dir/src.cxx.o
FAILED: /usr/bin/c++    -fopenmp -DHAVE_SHARED_PTR_IN_TR1_NAMESPACE -o CMakeFiles/cmTryCompileExec252404636.dir/src.cxx.o -c src.cxx
src.cxx: In function ‘int main()’:
src.cxx:3:41: error: ‘std::tr1’ has not been declared
                                    std::tr1::shared_ptr<int> int_ptr;
                                         ^
src.cxx:3:57: error: expected primary-expression before ‘int’
                                    std::tr1::shared_ptr<int> int_ptr;
                                                         ^
src.cxx:3:57: error: expected ‘;’ before ‘int’
ninja: build stopped: subcommand failed.

Source file was:
#include <memory>
                                 int main() {
                                   std::tr1::shared_ptr<int> int_ptr;
                                   return 0;
                                 }
