Determining if the pthread_create exist failed with the following output:
Change Dir: /home/wenws/1_googleslam/build_isolated/cartographer_rviz/CMakeFiles/CMakeTmp

Run Build Command:/usr/bin/ninja cmTryCompileExec3452557678
[1/2] Building C object CMakeFiles/cmTryCompileExec3452557678.dir/CheckSymbolExists.c.o
[2/2] Linking C executable cmTryCompileExec3452557678
FAILED: : && /usr/bin/cc     CMakeFiles/cmTryCompileExec3452557678.dir/CheckSymbolExists.c.o  -o cmTryCompileExec3452557678  -rdynamic && :
CMakeFiles/cmTryCompileExec3452557678.dir/CheckSymbolExists.c.o: In function `main':
CheckSymbolExists.c:(.text+0x16): undefined reference to `pthread_create'
collect2: error: ld returned 1 exit status
ninja: build stopped: subcommand failed.

File /home/wenws/1_googleslam/build_isolated/cartographer_rviz/CMakeFiles/CMakeTmp/CheckSymbolExists.c:
/* */
#include <pthread.h>

int main(int argc, char** argv)
{
  (void)argv;
#ifndef pthread_create
  return ((int*)(&pthread_create))[argc];
#else
  (void)argc;
  return 0;
#endif
}

Determining if the function pthread_create exists in the pthreads failed with the following output:
Change Dir: /home/wenws/1_googleslam/build_isolated/cartographer_rviz/CMakeFiles/CMakeTmp

Run Build Command:/usr/bin/ninja cmTryCompileExec1878707421
[1/2] Building C object CMakeFiles/cmTryCompileExec1878707421.dir/CheckFunctionExists.c.o
[2/2] Linking C executable cmTryCompileExec1878707421
FAILED: : && /usr/bin/cc  -DCHECK_FUNCTION_EXISTS=pthread_create   CMakeFiles/cmTryCompileExec1878707421.dir/CheckFunctionExists.c.o  -o cmTryCompileExec1878707421  -rdynamic -lpthreads && :
/usr/bin/ld: cannot find -lpthreads
collect2: error: ld returned 1 exit status
ninja: build stopped: subcommand failed.


Determining if the Q_WS_WIN exist failed with the following output:
Change Dir: /home/wenws/1_googleslam/build_isolated/cartographer_rviz/CMakeFiles/CMakeTmp

Run Build Command:/usr/bin/ninja cmTryCompileExec252927604
[1/2] Building CXX object CMakeFiles/cmTryCompileExec252927604.dir/CheckSymbolExists.cxx.o
FAILED: /usr/bin/c++    -I/usr/include/qt4 -o CMakeFiles/cmTryCompileExec252927604.dir/CheckSymbolExists.cxx.o -c CheckSymbolExists.cxx
CheckSymbolExists.cxx: In function ‘int main(int, char**)’:
CheckSymbolExists.cxx:8:19: error: ‘Q_WS_WIN’ was not declared in this scope
   return ((int*)(&Q_WS_WIN))[argc];
                   ^
ninja: build stopped: subcommand failed.

File /home/wenws/1_googleslam/build_isolated/cartographer_rviz/CMakeFiles/CMakeTmp/CheckSymbolExists.cxx:
/* */
#include <QtCore/qglobal.h>

int main(int argc, char** argv)
{
  (void)argv;
#ifndef Q_WS_WIN
  return ((int*)(&Q_WS_WIN))[argc];
#else
  (void)argc;
  return 0;
#endif
}

Determining if the Q_WS_QWS exist failed with the following output:
Change Dir: /home/wenws/1_googleslam/build_isolated/cartographer_rviz/CMakeFiles/CMakeTmp

Run Build Command:/usr/bin/ninja cmTryCompileExec4148890171
[1/2] Building CXX object CMakeFiles/cmTryCompileExec4148890171.dir/CheckSymbolExists.cxx.o
FAILED: /usr/bin/c++    -I/usr/include/qt4 -o CMakeFiles/cmTryCompileExec4148890171.dir/CheckSymbolExists.cxx.o -c CheckSymbolExists.cxx
CheckSymbolExists.cxx: In function ‘int main(int, char**)’:
CheckSymbolExists.cxx:8:19: error: ‘Q_WS_QWS’ was not declared in this scope
   return ((int*)(&Q_WS_QWS))[argc];
                   ^
ninja: build stopped: subcommand failed.

File /home/wenws/1_googleslam/build_isolated/cartographer_rviz/CMakeFiles/CMakeTmp/CheckSymbolExists.cxx:
/* */
#include <QtCore/qglobal.h>

int main(int argc, char** argv)
{
  (void)argv;
#ifndef Q_WS_QWS
  return ((int*)(&Q_WS_QWS))[argc];
#else
  (void)argc;
  return 0;
#endif
}

Determining if the Q_WS_MAC exist failed with the following output:
Change Dir: /home/wenws/1_googleslam/build_isolated/cartographer_rviz/CMakeFiles/CMakeTmp

Run Build Command:/usr/bin/ninja cmTryCompileExec1361108409
[1/2] Building CXX object CMakeFiles/cmTryCompileExec1361108409.dir/CheckSymbolExists.cxx.o
FAILED: /usr/bin/c++    -I/usr/include/qt4 -o CMakeFiles/cmTryCompileExec1361108409.dir/CheckSymbolExists.cxx.o -c CheckSymbolExists.cxx
CheckSymbolExists.cxx: In function ‘int main(int, char**)’:
CheckSymbolExists.cxx:8:19: error: ‘Q_WS_MAC’ was not declared in this scope
   return ((int*)(&Q_WS_MAC))[argc];
                   ^
ninja: build stopped: subcommand failed.

File /home/wenws/1_googleslam/build_isolated/cartographer_rviz/CMakeFiles/CMakeTmp/CheckSymbolExists.cxx:
/* */
#include <QtCore/qglobal.h>

int main(int argc, char** argv)
{
  (void)argv;
#ifndef Q_WS_MAC
  return ((int*)(&Q_WS_MAC))[argc];
#else
  (void)argc;
  return 0;
#endif
}

